<?xml version="1.0" encoding="UTF-8"?>
<testsuite xmlns:xsi="http://www.w3.org/2001/XMLSchema-instance" xsi:noNamespaceSchemaLocation="https://maven.apache.org/surefire/maven-surefire-plugin/xsd/surefire-test-report-3.0.xsd" version="3.0" name="com.kovo.BookingConcurrencyTest" time="17.899" tests="1" errors="0" skipped="0" failures="0">
  <properties>
[...]
</properties>
  <testcase name="concurrentBookings_onlyOneSucceeds" classname="com.kovo.BookingConcurrencyTest" time="3.464">
    <system-out><![CDATA[15:59:57.172 [main] INFO org.springframework.test.context.support.AnnotationConfigContextLoaderUtils -- Could not detect default configuration classes for test class [com.kovo.BookingConcurrencyTest]: BookingConcurrencyTest does not declare any static, non-private, non-final, nested classes annotated with @Configuration.
15:59:57.457 [main] INFO org.springframework.boot.test.context.SpringBootTestContextBootstrapper -- Found @SpringBootConfiguration com.kovo.KovoApplication for test class com.kovo.BookingConcurrencyTest

  .   ____          _            __ _ _
 /\\ / ___'_ __ _ _(_)_ __  __ _ \ \ \ \
( ( )\___ | '_ | '_| | '_ \/ _` | \ \ \ \
 \\/  ___)| |_)| | | | | || (_| |  ) ) ) )
  '  |____| .__|_| |_|_| |_\__, | / / / /
 =========|_|==============|___/=/_/_/_/
 :: Spring Boot ::                (v3.1.4)

2026-08-05T15:59:58.798+02:00  INFO 18800 --- [           main] com.kovo.BookingConcurrencyTest          : Starting BookingConcurrencyTest using Java 17.0.8 with PID 18800 (started by houss in C:\Users\houss\.copilot\session-state\ff5146b4-0f03-4287-9530-803419e31a76\files\kovo\backend)
2026-08-05T15:59:58.802+02:00  INFO 18800 --- [           main] com.kovo.BookingConcurrencyTest          : No active profile set, falling back to 1 default profile: "default"
2026-08-05T16:00:00.845+02:00  INFO 18800 --- [           main] .s.d.r.c.RepositoryConfigurationDelegate : Bootstrapping Spring Data JPA repositories in DEFAULT mode.
2026-08-05T16:00:01.039+02:00  INFO 18800 --- [           main] .s.d.r.c.RepositoryConfigurationDelegate : Finished Spring Data repository scanning in 170 ms. Found 4 JPA repository interfaces.
2026-08-05T16:00:02.762+02:00  INFO 18800 --- [           main] o.hibernate.jpa.internal.util.LogHelper  : HHH000204: Processing PersistenceUnitInfo [name: default]
2026-08-05T16:00:02.980+02:00  INFO 18800 --- [           main] org.hibernate.Version                    : HHH000412: Hibernate ORM core version 6.2.9.Final
2026-08-05T16:00:02.987+02:00  INFO 18800 --- [           main] org.hibernate.cfg.Environment            : HHH000406: Using bytecode reflection optimizer
2026-08-05T16:00:03.578+02:00  INFO 18800 --- [           main] o.h.b.i.BytecodeProviderInitiator        : HHH000021: Bytecode provider name : bytebuddy
2026-08-05T16:00:04.043+02:00  INFO 18800 --- [           main] o.s.o.j.p.SpringPersistenceUnitInfo      : No LoadTimeWeaver setup: ignoring JPA class transformer
2026-08-05T16:00:04.094+02:00  INFO 18800 --- [           main] com.zaxxer.hikari.HikariDataSource       : HikariPool-1 - Starting...
2026-08-05T16:00:04.626+02:00  INFO 18800 --- [           main] com.zaxxer.hikari.pool.HikariPool        : HikariPool-1 - Added connection conn0: url=jdbc:h2:mem:testdb user=POSTGRES
2026-08-05T16:00:04.632+02:00  INFO 18800 --- [           main] com.zaxxer.hikari.HikariDataSource       : HikariPool-1 - Start completed.
2026-08-05T16:00:05.279+02:00  INFO 18800 --- [           main] o.h.b.i.BytecodeProviderInitiator        : HHH000021: Bytecode provider name : bytebuddy
2026-08-05T16:00:07.154+02:00  INFO 18800 --- [           main] o.h.e.t.j.p.i.JtaPlatformInitiator       : HHH000490: Using JtaPlatform implementation: [org.hibernate.engine.transaction.jta.platform.internal.NoJtaPlatform]
Hibernate: drop table if exists bookings cascade 
Hibernate: drop table if exists refresh_tokens cascade 
Hibernate: drop table if exists rides cascade 
Hibernate: drop table if exists users cascade 
Hibernate: create table bookings (seats_booked integer not null, id bigint generated by default as identity, passenger_id bigint, ride_id bigint, status varchar(255), primary key (id))
Hibernate: create table refresh_tokens (expiry_date timestamp(6), id bigint generated by default as identity, user_id bigint not null, token varchar(255) not null unique, primary key (id))
Hibernate: create table rides (seats_available integer not null, version integer, departure_time timestamp(6), driver_id bigint, id bigint generated by default as identity, destination varchar(255), origin varchar(255), primary key (id))
Hibernate: create table users (id bigint generated by default as identity, name varchar(255), phone varchar(255), role varchar(255), primary key (id))
2026-08-05T16:00:07.292+02:00  INFO 18800 --- [           main] j.LocalContainerEntityManagerFactoryBean : Initialized JPA EntityManagerFactory for persistence unit 'default'
2026-08-05T16:00:08.899+02:00  WARN 18800 --- [           main] JpaBaseConfiguration$JpaWebConfiguration : spring.jpa.open-in-view is enabled by default. Therefore, database queries may be performed during view rendering. Explicitly configure spring.jpa.open-in-view to disable this warning
2026-08-05T16:00:09.015+02:00  WARN 18800 --- [           main] .s.s.UserDetailsServiceAutoConfiguration : 

Using generated security password: 848db6d4-9a09-46a8-9a49-c3f982298497

This generated password is for development use only. Your security configuration must be updated before running your application in production.

2026-08-05T16:00:09.470+02:00  INFO 18800 --- [           main] o.s.s.web.DefaultSecurityFilterChain     : Will secure any request with [org.springframework.security.web.session.DisableEncodeUrlFilter@3b3b2290, org.springframework.security.web.context.request.async.WebAsyncManagerIntegrationFilter@47d7e4b6, org.springframework.security.web.context.SecurityContextHolderFilter@4f6a5cc9, org.springframework.security.web.header.HeaderWriterFilter@2487b621, org.springframework.security.web.authentication.logout.LogoutFilter@325236f5, com.kovo.security.JwtFilter@6e466fdf, org.springframework.security.web.savedrequest.RequestCacheAwareFilter@4ef10d3b, org.springframework.security.web.servletapi.SecurityContextHolderAwareRequestFilter@690e7b89, org.springframework.security.web.authentication.AnonymousAuthenticationFilter@623ed5ed, org.springframework.security.web.session.SessionManagementFilter@dd3e1e3, org.springframework.security.web.access.ExceptionTranslationFilter@2d568cff, org.springframework.security.web.access.intercept.AuthorizationFilter@3e984100]
2026-08-05T16:00:11.019+02:00  INFO 18800 --- [           main] o.s.b.t.m.w.SpringBootMockServletContext : Initializing Spring TestDispatcherServlet ''
2026-08-05T16:00:11.021+02:00  INFO 18800 --- [           main] o.s.t.web.servlet.TestDispatcherServlet  : Initializing Servlet ''
2026-08-05T16:00:11.024+02:00  INFO 18800 --- [           main] o.s.t.web.servlet.TestDispatcherServlet  : Completed initialization in 3 ms
2026-08-05T16:00:11.082+02:00  INFO 18800 --- [           main] com.kovo.BookingConcurrencyTest          : Started BookingConcurrencyTest in 13.203 seconds (process running for 15.912)
Hibernate: insert into rides (departure_time,destination,driver_id,origin,seats_available,version,id) values (?,?,?,?,?,?,default)
[OTP email skipped - no JavaMailSender] to=test1@example.com code=528602
Hibernate: select u1_0.id,u1_0.name,u1_0.phone,u1_0.role from users u1_0 where u1_0.phone=?
Hibernate: insert into users (name,phone,role,id) values (?,?,?,default)
Hibernate: insert into refresh_tokens (expiry_date,token,user_id,id) values (?,?,?,default)
[OTP email skipped - no JavaMailSender] to=test2@example.com code=458656
Hibernate: select u1_0.id,u1_0.name,u1_0.phone,u1_0.role from users u1_0 where u1_0.phone=?
Hibernate: insert into users (name,phone,role,id) values (?,?,?,default)
Hibernate: insert into refresh_tokens (expiry_date,token,user_id,id) values (?,?,?,default)
Hibernate: select r1_0.id,r1_0.departure_time,r1_0.destination,r1_0.driver_id,r1_0.origin,r1_0.seats_available,r1_0.version from rides r1_0 where r1_0.id=?
Hibernate: select r1_0.id,r1_0.departure_time,r1_0.destination,r1_0.driver_id,r1_0.origin,r1_0.seats_available,r1_0.version from rides r1_0 where r1_0.id=?
Hibernate: insert into bookings (passenger_id,ride_id,seats_booked,status,id) values (?,?,?,?,default)
Hibernate: insert into bookings (passenger_id,ride_id,seats_booked,status,id) values (?,?,?,?,default)
Hibernate: update rides set departure_time=?,destination=?,driver_id=?,origin=?,seats_available=?,version=? where id=? and version=?
Hibernate: update rides set departure_time=?,destination=?,driver_id=?,origin=?,seats_available=?,version=? where id=? and version=?
Hibernate: select r1_0.id,r1_0.departure_time,r1_0.destination,r1_0.driver_id,r1_0.origin,r1_0.seats_available,r1_0.version from rides r1_0 where r1_0.id=?
Hibernate: select r1_0.id,r1_0.departure_time,r1_0.destination,r1_0.driver_id,r1_0.origin,r1_0.seats_available,r1_0.version from rides r1_0 where r1_0.id=?
Hibernate: select count(*) from bookings b1_0
Hibernate: select r1_0.id,r1_0.departure_time,r1_0.destination,r1_0.driver_id,r1_0.origin,r1_0.seats_available,r1_0.version from rides r1_0 where r1_0.id=?
]]></system-out>
  </testcase>
</testsuite>