<?xml version="1.0" encoding="UTF-8"?>
<testsuite xmlns:xsi="http://www.w3.org/2001/XMLSchema-instance" xsi:noNamespaceSchemaLocation="https://maven.apache.org/surefire/maven-surefire-plugin/xsd/surefire-test-report-3.0.xsd" version="3.0" name="com.kovo.BookingConcurrencyTest" time="22.892" tests="1" errors="0" skipped="0" failures="0">
  <properties>
[...]
</properties>
  <testcase name="concurrentBookings_onlyOneSucceeds" classname="com.kovo.BookingConcurrencyTest" time="5.096">
    <system-out><![CDATA[14:37:32.881 [main] INFO org.springframework.test.context.support.AnnotationConfigContextLoaderUtils -- Could not detect default configuration classes for test class [com.kovo.BookingConcurrencyTest]: BookingConcurrencyTest does not declare any static, non-private, non-final, nested classes annotated with @Configuration.
14:37:33.172 [main] INFO org.springframework.boot.test.context.SpringBootTestContextBootstrapper -- Found @SpringBootConfiguration com.kovo.KovoApplication for test class com.kovo.BookingConcurrencyTest

  .   ____          _            __ _ _
 /\\ / ___'_ __ _ _(_)_ __  __ _ \ \ \ \
( ( )\___ | '_ | '_| | '_ \/ _` | \ \ \ \
 \\/  ___)| |_)| | | | | || (_| |  ) ) ) )
  '  |____| .__|_| |_|_| |_\__, | / / / /
 =========|_|==============|___/=/_/_/_/
 :: Spring Boot ::                (v3.1.4)

2026-08-05T14:37:34.414+02:00  INFO 7696 --- [           main] com.kovo.BookingConcurrencyTest          : Starting BookingConcurrencyTest using Java 17.0.17 with PID 7696 (started by houss in C:\Users\houss\.copilot\session-state\ff5146b4-0f03-4287-9530-803419e31a76\files\kovo\backend)
2026-08-05T14:37:34.419+02:00  INFO 7696 --- [           main] com.kovo.BookingConcurrencyTest          : No active profile set, falling back to 1 default profile: "default"
2026-08-05T14:37:37.079+02:00  INFO 7696 --- [           main] .s.d.r.c.RepositoryConfigurationDelegate : Bootstrapping Spring Data JPA repositories in DEFAULT mode.
2026-08-05T14:37:37.302+02:00  INFO 7696 --- [           main] .s.d.r.c.RepositoryConfigurationDelegate : Finished Spring Data repository scanning in 190 ms. Found 4 JPA repository interfaces.
2026-08-05T14:37:39.132+02:00  INFO 7696 --- [           main] o.hibernate.jpa.internal.util.LogHelper  : HHH000204: Processing PersistenceUnitInfo [name: default]
2026-08-05T14:37:39.522+02:00  INFO 7696 --- [           main] org.hibernate.Version                    : HHH000412: Hibernate ORM core version 6.2.9.Final
2026-08-05T14:37:39.530+02:00  INFO 7696 --- [           main] org.hibernate.cfg.Environment            : HHH000406: Using bytecode reflection optimizer
2026-08-05T14:37:40.320+02:00  INFO 7696 --- [           main] o.h.b.i.BytecodeProviderInitiator        : HHH000021: Bytecode provider name : bytebuddy
2026-08-05T14:37:40.895+02:00  INFO 7696 --- [           main] o.s.o.j.p.SpringPersistenceUnitInfo      : No LoadTimeWeaver setup: ignoring JPA class transformer
2026-08-05T14:37:40.957+02:00  INFO 7696 --- [           main] com.zaxxer.hikari.HikariDataSource       : HikariPool-1 - Starting...
2026-08-05T14:37:41.699+02:00  INFO 7696 --- [           main] com.zaxxer.hikari.pool.HikariPool        : HikariPool-1 - Added connection conn0: url=jdbc:h2:mem:testdb user=POSTGRES
2026-08-05T14:37:41.706+02:00  INFO 7696 --- [           main] com.zaxxer.hikari.HikariDataSource       : HikariPool-1 - Start completed.
2026-08-05T14:37:42.580+02:00  INFO 7696 --- [           main] o.h.b.i.BytecodeProviderInitiator        : HHH000021: Bytecode provider name : bytebuddy
2026-08-05T14:37:44.882+02:00  INFO 7696 --- [           main] o.h.e.t.j.p.i.JtaPlatformInitiator       : HHH000490: Using JtaPlatform implementation: [org.hibernate.engine.transaction.jta.platform.internal.NoJtaPlatform]
Hibernate: drop table if exists bookings cascade 
Hibernate: drop table if exists refresh_tokens cascade 
Hibernate: drop table if exists rides cascade 
Hibernate: drop table if exists users cascade 
Hibernate: create table bookings (seats_booked integer not null, id bigint generated by default as identity, passenger_id bigint, ride_id bigint, status varchar(255), primary key (id))
Hibernate: create table refresh_tokens (expiry_date timestamp(6), id bigint generated by default as identity, user_id bigint not null, token varchar(255) not null unique, primary key (id))
Hibernate: create table rides (seats_available integer not null, version integer, departure_time timestamp(6), driver_id bigint, id bigint generated by default as identity, destination varchar(255), origin varchar(255), primary key (id))
Hibernate: create table users (id bigint generated by default as identity, name varchar(255), phone varchar(255), role varchar(255), primary key (id))
2026-08-05T14:37:45.026+02:00  INFO 7696 --- [           main] j.LocalContainerEntityManagerFactoryBean : Initialized JPA EntityManagerFactory for persistence unit 'default'
2026-08-05T14:37:46.748+02:00  WARN 7696 --- [           main] JpaBaseConfiguration$JpaWebConfiguration : spring.jpa.open-in-view is enabled by default. Therefore, database queries may be performed during view rendering. Explicitly configure spring.jpa.open-in-view to disable this warning
2026-08-05T14:37:46.908+02:00  WARN 7696 --- [           main] .s.s.UserDetailsServiceAutoConfiguration : 

Using generated security password: 5197e547-7384-4032-bbab-879d1cda74ab

This generated password is for development use only. Your security configuration must be updated before running your application in production.

2026-08-05T14:37:47.576+02:00  INFO 7696 --- [           main] o.s.s.web.DefaultSecurityFilterChain     : Will secure any request with [org.springframework.security.web.session.DisableEncodeUrlFilter@3d9cba2, org.springframework.security.web.context.request.async.WebAsyncManagerIntegrationFilter@6c167296, org.springframework.security.web.context.SecurityContextHolderFilter@5cff6d1d, org.springframework.security.web.header.HeaderWriterFilter@b0d4873, org.springframework.security.web.authentication.logout.LogoutFilter@20d92f1e, com.kovo.security.JwtFilter@ecb8b3e, org.springframework.security.web.savedrequest.RequestCacheAwareFilter@4844e24b, org.springframework.security.web.servletapi.SecurityContextHolderAwareRequestFilter@241abc2, org.springframework.security.web.authentication.AnonymousAuthenticationFilter@506e382b, org.springframework.security.web.session.SessionManagementFilter@5df7ae0a, org.springframework.security.web.access.ExceptionTranslationFilter@6a905513, org.springframework.security.web.access.intercept.AuthorizationFilter@1e6e29d6]
2026-08-05T14:37:50.140+02:00  INFO 7696 --- [           main] o.s.b.t.m.w.SpringBootMockServletContext : Initializing Spring TestDispatcherServlet ''
2026-08-05T14:37:50.141+02:00  INFO 7696 --- [           main] o.s.t.web.servlet.TestDispatcherServlet  : Initializing Servlet ''
2026-08-05T14:37:50.148+02:00  INFO 7696 --- [           main] o.s.t.web.servlet.TestDispatcherServlet  : Completed initialization in 7 ms
2026-08-05T14:37:50.214+02:00  INFO 7696 --- [           main] com.kovo.BookingConcurrencyTest          : Started BookingConcurrencyTest in 16.634 seconds (process running for 19.063)
Hibernate: insert into rides (departure_time,destination,driver_id,origin,seats_available,version,id) values (?,?,?,?,?,?,default)
[OTP] phone=+22970000001 code=568069
Hibernate: select u1_0.id,u1_0.name,u1_0.phone,u1_0.role from users u1_0 where u1_0.phone=?
Hibernate: insert into users (name,phone,role,id) values (?,?,?,default)
Hibernate: insert into refresh_tokens (expiry_date,token,user_id,id) values (?,?,?,default)
[OTP] phone=+22970000002 code=808135
Hibernate: select u1_0.id,u1_0.name,u1_0.phone,u1_0.role from users u1_0 where u1_0.phone=?
Hibernate: insert into users (name,phone,role,id) values (?,?,?,default)
Hibernate: insert into refresh_tokens (expiry_date,token,user_id,id) values (?,?,?,default)
Hibernate: select r1_0.id,r1_0.departure_time,r1_0.destination,r1_0.driver_id,r1_0.origin,r1_0.seats_available,r1_0.version from rides r1_0 where r1_0.id=?
Hibernate: select r1_0.id,r1_0.departure_time,r1_0.destination,r1_0.driver_id,r1_0.origin,r1_0.seats_available,r1_0.version from rides r1_0 where r1_0.id=?
Hibernate: insert into bookings (passenger_id,ride_id,seats_booked,status,id) values (?,?,?,?,default)
Hibernate: insert into bookings (passenger_id,ride_id,seats_booked,status,id) values (?,?,?,?,default)
Hibernate: update rides set departure_time=?,destination=?,driver_id=?,origin=?,seats_available=?,version=? where id=? and version=?
Hibernate: update rides set departure_time=?,destination=?,driver_id=?,origin=?,seats_available=?,version=? where id=? and version=?
Hibernate: select r1_0.id,r1_0.departure_time,r1_0.destination,r1_0.driver_id,r1_0.origin,r1_0.seats_available,r1_0.version from rides r1_0 where r1_0.id=?
Hibernate: select r1_0.id,r1_0.departure_time,r1_0.destination,r1_0.driver_id,r1_0.origin,r1_0.seats_available,r1_0.version from rides r1_0 where r1_0.id=?
Hibernate: select count(*) from bookings b1_0
Hibernate: select r1_0.id,r1_0.departure_time,r1_0.destination,r1_0.driver_id,r1_0.origin,r1_0.seats_available,r1_0.version from rides r1_0 where r1_0.id=?
]]></system-out>
  </testcase>
</testsuite>